<?xml version="1.0" encoding="UTF-8" ?>
<testsuite tests="256" failures="0" name="com.juliandomingo.pset6.MinAndMaxWebTestSuiteTest" time="38.48" errors="0" skipped="0">
  <properties>
[...]
</properties>
  <testcase classname="com.juliandomingo.pset6.MinAndMaxWebTestSuiteTest" name="t0" time="0.202"/>
  <testcase classname="com.juliandomingo.pset6.MinAndMaxWebTestSuiteTest" name="t1" time="0.132"/>
  <testcase classname="com.juliandomingo.pset6.MinAndMaxWebTestSuiteTest" name="t2" time="0.159"/>
  <testcase classname="com.juliandomingo.pset6.MinAndMaxWebTestSuiteTest" name="t3" time="0.135"/>
  <testcase classname="com.juliandomingo.pset6.MinAndMaxWebTestSuiteTest" name="t4" time="0.111"/>
  <testcase classname="com.juliandomingo.pset6.MinAndMaxWebTestSuiteTest" name="t5" time="0.115"/>
  <testcase classname="com.juliandomingo.pset6.MinAndMaxWebTestSuiteTest" name="t6" time="0.165"/>
  <testcase classname="com.juliandomingo.pset6.MinAndMaxWebTestSuiteTest" name="t7" time="0.137"/>
  <testcase classname="com.juliandomingo.pset6.MinAndMaxWebTestSuiteTest" name="t8" time="0.146"/>
  <testcase classname="com.juliandomingo.pset6.MinAndMaxWebTestSuiteTest" name="t9" time="0.117"/>
  <testcase classname="com.juliandomingo.pset6.MinAndMaxWebTestSuiteTest" name="t10" time="0.165"/>
  <testcase classname="com.juliandomingo.pset6.MinAndMaxWebTestSuiteTest" name="t11" time="0.13"/>
  <testcase classname="com.juliandomingo.pset6.MinAndMaxWebTestSuiteTest" name="t12" time="0.102"/>
  <testcase classname="com.juliandomingo.pset6.MinAndMaxWebTestSuiteTest" name="t13" time="0.116"/>
  <testcase classname="com.juliandomingo.pset6.MinAndMaxWebTestSuiteTest" name="t14" time="0.147"/>
  <testcase classname="com.juliandomingo.pset6.MinAndMaxWebTestSuiteTest" name="t15" time="0.123"/>
  <testcase classname="com.juliandomingo.pset6.MinAndMaxWebTestSuiteTest" name="t16" time="0.117"/>
  <testcase classname="com.juliandomingo.pset6.MinAndMaxWebTestSuiteTest" name="t17" time="0.112"/>
  <testcase classname="com.juliandomingo.pset6.MinAndMaxWebTestSuiteTest" name="t18" time="0.154"/>
  <testcase classname="com.juliandomingo.pset6.MinAndMaxWebTestSuiteTest" name="t19" time="0.13"/>
  <testcase classname="com.juliandomingo.pset6.MinAndMaxWebTestSuiteTest" name="t20" time="0.121"/>
  <testcase classname="com.juliandomingo.pset6.MinAndMaxWebTestSuiteTest" name="t21" time="0.114"/>
  <testcase classname="com.juliandomingo.pset6.MinAndMaxWebTestSuiteTest" name="t22" time="0.169"/>
  <testcase classname="com.juliandomingo.pset6.MinAndMaxWebTestSuiteTest" name="t23" time="0.129"/>
  <testcase classname="com.juliandomingo.pset6.MinAndMaxWebTestSuiteTest" name="t24" time="0.115"/>
  <testcase classname="com.juliandomingo.pset6.MinAndMaxWebTestSuiteTest" name="t25" time="0.118"/>
  <testcase classname="com.juliandomingo.pset6.MinAndMaxWebTestSuiteTest" name="t26" time="0.149"/>
  <testcase classname="com.juliandomingo.pset6.MinAndMaxWebTestSuiteTest" name="t27" time="0.127"/>
  <testcase classname="com.juliandomingo.pset6.MinAndMaxWebTestSuiteTest" name="t28" time="0.123"/>
  <testcase classname="com.juliandomingo.pset6.MinAndMaxWebTestSuiteTest" name="t29" time="0.114"/>
  <testcase classname="com.juliandomingo.pset6.MinAndMaxWebTestSuiteTest" name="t30" time="0.154"/>
  <testcase classname="com.juliandomingo.pset6.MinAndMaxWebTestSuiteTest" name="t31" time="0.129"/>
  <testcase classname="com.juliandomingo.pset6.MinAndMaxWebTestSuiteTest" name="t32" time="0.117"/>
  <testcase classname="com.juliandomingo.pset6.MinAndMaxWebTestSuiteTest" name="t33" time="0.162"/>
  <testcase classname="com.juliandomingo.pset6.MinAndMaxWebTestSuiteTest" name="t34" time="0.164"/>
  <testcase classname="com.juliandomingo.pset6.MinAndMaxWebTestSuiteTest" name="t35" time="0.126"/>
  <testcase classname="com.juliandomingo.pset6.MinAndMaxWebTestSuiteTest" name="t36" time="0.119"/>
  <testcase classname="com.juliandomingo.pset6.MinAndMaxWebTestSuiteTest" name="t37" time="0.123"/>
  <testcase classname="com.juliandomingo.pset6.MinAndMaxWebTestSuiteTest" name="t38" time="0.145"/>
  <testcase classname="com.juliandomingo.pset6.MinAndMaxWebTestSuiteTest" name="t39" time="0.135"/>
  <testcase classname="com.juliandomingo.pset6.MinAndMaxWebTestSuiteTest" name="t40" time="0.117"/>
  <testcase classname="com.juliandomingo.pset6.MinAndMaxWebTestSuiteTest" name="t41" time="0.118"/>
  <testcase classname="com.juliandomingo.pset6.MinAndMaxWebTestSuiteTest" name="t42" time="0.152"/>
  <testcase classname="com.juliandomingo.pset6.MinAndMaxWebTestSuiteTest" name="t43" time="0.133"/>
  <testcase classname="com.juliandomingo.pset6.MinAndMaxWebTestSuiteTest" name="t44" time="0.121"/>
  <testcase classname="com.juliandomingo.pset6.MinAndMaxWebTestSuiteTest" name="t45" time="0.12"/>
  <testcase classname="com.juliandomingo.pset6.MinAndMaxWebTestSuiteTest" name="t46" time="0.156"/>
  <testcase classname="com.juliandomingo.pset6.MinAndMaxWebTestSuiteTest" name="t47" time="0.144"/>
  <testcase classname="com.juliandomingo.pset6.MinAndMaxWebTestSuiteTest" name="t48" time="0.103"/>
  <testcase classname="com.juliandomingo.pset6.MinAndMaxWebTestSuiteTest" name="t49" time="0.111"/>
  <testcase classname="com.juliandomingo.pset6.MinAndMaxWebTestSuiteTest" name="t50" time="0.194"/>
  <testcase classname="com.juliandomingo.pset6.MinAndMaxWebTestSuiteTest" name="t51" time="0.148"/>
  <testcase classname="com.juliandomingo.pset6.MinAndMaxWebTestSuiteTest" name="t52" time="0.115"/>
  <testcase classname="com.juliandomingo.pset6.MinAndMaxWebTestSuiteTest" name="t53" time="0.124"/>
  <testcase classname="com.juliandomingo.pset6.MinAndMaxWebTestSuiteTest" name="t54" time="0.154"/>
  <testcase classname="com.juliandomingo.pset6.MinAndMaxWebTestSuiteTest" name="t55" time="0.131"/>
  <testcase classname="com.juliandomingo.pset6.MinAndMaxWebTestSuiteTest" name="t56" time="0.115"/>
  <testcase classname="com.juliandomingo.pset6.MinAndMaxWebTestSuiteTest" name="t57" time="0.119"/>
  <testcase classname="com.juliandomingo.pset6.MinAndMaxWebTestSuiteTest" name="t58" time="0.155"/>
  <testcase classname="com.juliandomingo.pset6.MinAndMaxWebTestSuiteTest" name="t59" time="0.133"/>
  <testcase classname="com.juliandomingo.pset6.MinAndMaxWebTestSuiteTest" name="t60" time="0.112"/>
  <testcase classname="com.juliandomingo.pset6.MinAndMaxWebTestSuiteTest" name="t61" time="0.121"/>
  <testcase classname="com.juliandomingo.pset6.MinAndMaxWebTestSuiteTest" name="t62" time="0.162"/>
  <testcase classname="com.juliandomingo.pset6.MinAndMaxWebTestSuiteTest" name="t63" time="0.434"/>
  <testcase classname="com.juliandomingo.pset6.MinAndMaxWebTestSuiteTest" name="t64" time="0.161"/>
  <testcase classname="com.juliandomingo.pset6.MinAndMaxWebTestSuiteTest" name="t65" time="0.186"/>
  <testcase classname="com.juliandomingo.pset6.MinAndMaxWebTestSuiteTest" name="t66" time="0.163"/>
  <testcase classname="com.juliandomingo.pset6.MinAndMaxWebTestSuiteTest" name="t67" time="0.158"/>
  <testcase classname="com.juliandomingo.pset6.MinAndMaxWebTestSuiteTest" name="t68" time="0.131"/>
  <testcase classname="com.juliandomingo.pset6.MinAndMaxWebTestSuiteTest" name="t69" time="0.129"/>
  <testcase classname="com.juliandomingo.pset6.MinAndMaxWebTestSuiteTest" name="t70" time="0.224"/>
  <testcase classname="com.juliandomingo.pset6.MinAndMaxWebTestSuiteTest" name="t71" time="0.194"/>
  <testcase classname="com.juliandomingo.pset6.MinAndMaxWebTestSuiteTest" name="t72" time="0.175"/>
  <testcase classname="com.juliandomingo.pset6.MinAndMaxWebTestSuiteTest" name="t73" time="0.128"/>
  <testcase classname="com.juliandomingo.pset6.MinAndMaxWebTestSuiteTest" name="t74" time="0.171"/>
  <testcase classname="com.juliandomingo.pset6.MinAndMaxWebTestSuiteTest" name="t75" time="0.145"/>
  <testcase classname="com.juliandomingo.pset6.MinAndMaxWebTestSuiteTest" name="t76" time="0.122"/>
  <testcase classname="com.juliandomingo.pset6.MinAndMaxWebTestSuiteTest" name="t77" time="0.128"/>
  <testcase classname="com.juliandomingo.pset6.MinAndMaxWebTestSuiteTest" name="t78" time="0.157"/>
  <testcase classname="com.juliandomingo.pset6.MinAndMaxWebTestSuiteTest" name="t79" time="0.142"/>
  <testcase classname="com.juliandomingo.pset6.MinAndMaxWebTestSuiteTest" name="t80" time="0.129"/>
  <testcase classname="com.juliandomingo.pset6.MinAndMaxWebTestSuiteTest" name="t81" time="0.122"/>
  <testcase classname="com.juliandomingo.pset6.MinAndMaxWebTestSuiteTest" name="t82" time="0.166"/>
  <testcase classname="com.juliandomingo.pset6.MinAndMaxWebTestSuiteTest" name="t83" time="0.134"/>
  <testcase classname="com.juliandomingo.pset6.MinAndMaxWebTestSuiteTest" name="t84" time="0.134"/>
  <testcase classname="com.juliandomingo.pset6.MinAndMaxWebTestSuiteTest" name="t85" time="0.127"/>
  <testcase classname="com.juliandomingo.pset6.MinAndMaxWebTestSuiteTest" name="t86" time="0.156"/>
  <testcase classname="com.juliandomingo.pset6.MinAndMaxWebTestSuiteTest" name="t87" time="0.143"/>
  <testcase classname="com.juliandomingo.pset6.MinAndMaxWebTestSuiteTest" name="t88" time="0.129"/>
  <testcase classname="com.juliandomingo.pset6.MinAndMaxWebTestSuiteTest" name="t89" time="0.128"/>
  <testcase classname="com.juliandomingo.pset6.MinAndMaxWebTestSuiteTest" name="t90" time="0.169"/>
  <testcase classname="com.juliandomingo.pset6.MinAndMaxWebTestSuiteTest" name="t91" time="0.144"/>
  <testcase classname="com.juliandomingo.pset6.MinAndMaxWebTestSuiteTest" name="t92" time="0.124"/>
  <testcase classname="com.juliandomingo.pset6.MinAndMaxWebTestSuiteTest" name="t93" time="0.127"/>
  <testcase classname="com.juliandomingo.pset6.MinAndMaxWebTestSuiteTest" name="t94" time="0.161"/>
  <testcase classname="com.juliandomingo.pset6.MinAndMaxWebTestSuiteTest" name="t95" time="0.138"/>
  <testcase classname="com.juliandomingo.pset6.MinAndMaxWebTestSuiteTest" name="t96" time="0.124"/>
  <testcase classname="com.juliandomingo.pset6.MinAndMaxWebTestSuiteTest" name="t97" time="0.156"/>
  <testcase classname="com.juliandomingo.pset6.MinAndMaxWebTestSuiteTest" name="t98" time="0.202"/>
  <testcase classname="com.juliandomingo.pset6.MinAndMaxWebTestSuiteTest" name="t99" time="0.184"/>
  <testcase classname="com.juliandomingo.pset6.MinAndMaxWebTestSuiteTest" name="t100" time="0.139"/>
  <testcase classname="com.juliandomingo.pset6.MinAndMaxWebTestSuiteTest" name="t101" time="0.13"/>
  <testcase classname="com.juliandomingo.pset6.MinAndMaxWebTestSuiteTest" name="t102" time="0.165"/>
  <testcase classname="com.juliandomingo.pset6.MinAndMaxWebTestSuiteTest" name="t103" time="0.151"/>
  <testcase classname="com.juliandomingo.pset6.MinAndMaxWebTestSuiteTest" name="t104" time="0.13"/>
  <testcase classname="com.juliandomingo.pset6.MinAndMaxWebTestSuiteTest" name="t105" time="0.148"/>
  <testcase classname="com.juliandomingo.pset6.MinAndMaxWebTestSuiteTest" name="t106" time="0.166"/>
  <testcase classname="com.juliandomingo.pset6.MinAndMaxWebTestSuiteTest" name="t107" time="0.134"/>
  <testcase classname="com.juliandomingo.pset6.MinAndMaxWebTestSuiteTest" name="t108" time="0.135"/>
  <testcase classname="com.juliandomingo.pset6.MinAndMaxWebTestSuiteTest" name="t109" time="0.132"/>
  <testcase classname="com.juliandomingo.pset6.MinAndMaxWebTestSuiteTest" name="t110" time="0.168"/>
  <testcase classname="com.juliandomingo.pset6.MinAndMaxWebTestSuiteTest" name="t111" time="0.193"/>
  <testcase classname="com.juliandomingo.pset6.MinAndMaxWebTestSuiteTest" name="t112" time="0.191"/>
  <testcase classname="com.juliandomingo.pset6.MinAndMaxWebTestSuiteTest" name="t113" time="0.178"/>
  <testcase classname="com.juliandomingo.pset6.MinAndMaxWebTestSuiteTest" name="t114" time="0.243"/>
  <testcase classname="com.juliandomingo.pset6.MinAndMaxWebTestSuiteTest" name="t115" time="0.149"/>
  <testcase classname="com.juliandomingo.pset6.MinAndMaxWebTestSuiteTest" name="t116" time="0.132"/>
  <testcase classname="com.juliandomingo.pset6.MinAndMaxWebTestSuiteTest" name="t117" time="0.127"/>
  <testcase classname="com.juliandomingo.pset6.MinAndMaxWebTestSuiteTest" name="t118" time="0.162"/>
  <testcase classname="com.juliandomingo.pset6.MinAndMaxWebTestSuiteTest" name="t119" time="0.144"/>
  <testcase classname="com.juliandomingo.pset6.MinAndMaxWebTestSuiteTest" name="t120" time="0.123"/>
  <testcase classname="com.juliandomingo.pset6.MinAndMaxWebTestSuiteTest" name="t121" time="0.127"/>
  <testcase classname="com.juliandomingo.pset6.MinAndMaxWebTestSuiteTest" name="t122" time="0.173"/>
  <testcase classname="com.juliandomingo.pset6.MinAndMaxWebTestSuiteTest" name="t123" time="0.143"/>
  <testcase classname="com.juliandomingo.pset6.MinAndMaxWebTestSuiteTest" name="t124" time="0.129"/>
  <testcase classname="com.juliandomingo.pset6.MinAndMaxWebTestSuiteTest" name="t125" time="0.132"/>
  <testcase classname="com.juliandomingo.pset6.MinAndMaxWebTestSuiteTest" name="t126" time="0.17"/>
  <testcase classname="com.juliandomingo.pset6.MinAndMaxWebTestSuiteTest" name="t127" time="0.154"/>
  <testcase classname="com.juliandomingo.pset6.MinAndMaxWebTestSuiteTest" name="t128" time="0.1"/>
  <testcase classname="com.juliandomingo.pset6.MinAndMaxWebTestSuiteTest" name="t129" time="0.105"/>
  <testcase classname="com.juliandomingo.pset6.MinAndMaxWebTestSuiteTest" name="t130" time="0.152"/>
  <testcase classname="com.juliandomingo.pset6.MinAndMaxWebTestSuiteTest" name="t131" time="0.149"/>
  <testcase classname="com.juliandomingo.pset6.MinAndMaxWebTestSuiteTest" name="t132" time="0.157"/>
  <testcase classname="com.juliandomingo.pset6.MinAndMaxWebTestSuiteTest" name="t133" time="0.167"/>
  <testcase classname="com.juliandomingo.pset6.MinAndMaxWebTestSuiteTest" name="t134" time="0.174"/>
  <testcase classname="com.juliandomingo.pset6.MinAndMaxWebTestSuiteTest" name="t135" time="0.137"/>
  <testcase classname="com.juliandomingo.pset6.MinAndMaxWebTestSuiteTest" name="t136" time="0.123"/>
  <testcase classname="com.juliandomingo.pset6.MinAndMaxWebTestSuiteTest" name="t137" time="0.136"/>
  <testcase classname="com.juliandomingo.pset6.MinAndMaxWebTestSuiteTest" name="t138" time="0.167"/>
  <testcase classname="com.juliandomingo.pset6.MinAndMaxWebTestSuiteTest" name="t139" time="0.152"/>
  <testcase classname="com.juliandomingo.pset6.MinAndMaxWebTestSuiteTest" name="t140" time="0.123"/>
  <testcase classname="com.juliandomingo.pset6.MinAndMaxWebTestSuiteTest" name="t141" time="0.125"/>
  <testcase classname="com.juliandomingo.pset6.MinAndMaxWebTestSuiteTest" name="t142" time="0.166"/>
  <testcase classname="com.juliandomingo.pset6.MinAndMaxWebTestSuiteTest" name="t143" time="0.138"/>
  <testcase classname="com.juliandomingo.pset6.MinAndMaxWebTestSuiteTest" name="t144" time="0.135"/>
  <testcase classname="com.juliandomingo.pset6.MinAndMaxWebTestSuiteTest" name="t145" time="0.129"/>
  <testcase classname="com.juliandomingo.pset6.MinAndMaxWebTestSuiteTest" name="t146" time="0.164"/>
  <testcase classname="com.juliandomingo.pset6.MinAndMaxWebTestSuiteTest" name="t147" time="0.146"/>
  <testcase classname="com.juliandomingo.pset6.MinAndMaxWebTestSuiteTest" name="t148" time="0.134"/>
  <testcase classname="com.juliandomingo.pset6.MinAndMaxWebTestSuiteTest" name="t149" time="0.128"/>
  <testcase classname="com.juliandomingo.pset6.MinAndMaxWebTestSuiteTest" name="t150" time="0.17"/>
  <testcase classname="com.juliandomingo.pset6.MinAndMaxWebTestSuiteTest" name="t151" time="0.143"/>
  <testcase classname="com.juliandomingo.pset6.MinAndMaxWebTestSuiteTest" name="t152" time="0.126"/>
  <testcase classname="com.juliandomingo.pset6.MinAndMaxWebTestSuiteTest" name="t153" time="0.134"/>
  <testcase classname="com.juliandomingo.pset6.MinAndMaxWebTestSuiteTest" name="t154" time="0.25"/>
  <testcase classname="com.juliandomingo.pset6.MinAndMaxWebTestSuiteTest" name="t155" time="0.201"/>
  <testcase classname="com.juliandomingo.pset6.MinAndMaxWebTestSuiteTest" name="t156" time="0.183"/>
  <testcase classname="com.juliandomingo.pset6.MinAndMaxWebTestSuiteTest" name="t157" time="0.16"/>
  <testcase classname="com.juliandomingo.pset6.MinAndMaxWebTestSuiteTest" name="t158" time="0.161"/>
  <testcase classname="com.juliandomingo.pset6.MinAndMaxWebTestSuiteTest" name="t159" time="0.144"/>
  <testcase classname="com.juliandomingo.pset6.MinAndMaxWebTestSuiteTest" name="t160" time="0.128"/>
  <testcase classname="com.juliandomingo.pset6.MinAndMaxWebTestSuiteTest" name="t161" time="0.134"/>
  <testcase classname="com.juliandomingo.pset6.MinAndMaxWebTestSuiteTest" name="t162" time="0.163"/>
  <testcase classname="com.juliandomingo.pset6.MinAndMaxWebTestSuiteTest" name="t163" time="0.154"/>
  <testcase classname="com.juliandomingo.pset6.MinAndMaxWebTestSuiteTest" name="t164" time="0.135"/>
  <testcase classname="com.juliandomingo.pset6.MinAndMaxWebTestSuiteTest" name="t165" time="0.131"/>
  <testcase classname="com.juliandomingo.pset6.MinAndMaxWebTestSuiteTest" name="t166" time="0.174"/>
  <testcase classname="com.juliandomingo.pset6.MinAndMaxWebTestSuiteTest" name="t167" time="0.154"/>
  <testcase classname="com.juliandomingo.pset6.MinAndMaxWebTestSuiteTest" name="t168" time="0.14"/>
  <testcase classname="com.juliandomingo.pset6.MinAndMaxWebTestSuiteTest" name="t169" time="0.134"/>
  <testcase classname="com.juliandomingo.pset6.MinAndMaxWebTestSuiteTest" name="t170" time="0.167"/>
  <testcase classname="com.juliandomingo.pset6.MinAndMaxWebTestSuiteTest" name="t171" time="0.17"/>
  <testcase classname="com.juliandomingo.pset6.MinAndMaxWebTestSuiteTest" name="t172" time="0.172"/>
  <testcase classname="com.juliandomingo.pset6.MinAndMaxWebTestSuiteTest" name="t173" time="0.163"/>
  <testcase classname="com.juliandomingo.pset6.MinAndMaxWebTestSuiteTest" name="t174" time="0.177"/>
  <testcase classname="com.juliandomingo.pset6.MinAndMaxWebTestSuiteTest" name="t175" time="0.145"/>
  <testcase classname="com.juliandomingo.pset6.MinAndMaxWebTestSuiteTest" name="t176" time="0.122"/>
  <testcase classname="com.juliandomingo.pset6.MinAndMaxWebTestSuiteTest" name="t177" time="0.119"/>
  <testcase classname="com.juliandomingo.pset6.MinAndMaxWebTestSuiteTest" name="t178" time="0.143"/>
  <testcase classname="com.juliandomingo.pset6.MinAndMaxWebTestSuiteTest" name="t179" time="0.148"/>
  <testcase classname="com.juliandomingo.pset6.MinAndMaxWebTestSuiteTest" name="t180" time="0.135"/>
  <testcase classname="com.juliandomingo.pset6.MinAndMaxWebTestSuiteTest" name="t181" time="0.134"/>
  <testcase classname="com.juliandomingo.pset6.MinAndMaxWebTestSuiteTest" name="t182" time="0.165"/>
  <testcase classname="com.juliandomingo.pset6.MinAndMaxWebTestSuiteTest" name="t183" time="0.142"/>
  <testcase classname="com.juliandomingo.pset6.MinAndMaxWebTestSuiteTest" name="t184" time="0.133"/>
  <testcase classname="com.juliandomingo.pset6.MinAndMaxWebTestSuiteTest" name="t185" time="0.134"/>
  <testcase classname="com.juliandomingo.pset6.MinAndMaxWebTestSuiteTest" name="t186" time="0.17"/>
  <testcase classname="com.juliandomingo.pset6.MinAndMaxWebTestSuiteTest" name="t187" time="0.153"/>
  <testcase classname="com.juliandomingo.pset6.MinAndMaxWebTestSuiteTest" name="t188" time="0.127"/>
  <testcase classname="com.juliandomingo.pset6.MinAndMaxWebTestSuiteTest" name="t189" time="0.129"/>
  <testcase classname="com.juliandomingo.pset6.MinAndMaxWebTestSuiteTest" name="t190" time="0.158"/>
  <testcase classname="com.juliandomingo.pset6.MinAndMaxWebTestSuiteTest" name="t191" time="0.146"/>
  <testcase classname="com.juliandomingo.pset6.MinAndMaxWebTestSuiteTest" name="t192" time="0.122"/>
  <testcase classname="com.juliandomingo.pset6.MinAndMaxWebTestSuiteTest" name="t193" time="0.117"/>
  <testcase classname="com.juliandomingo.pset6.MinAndMaxWebTestSuiteTest" name="t194" time="0.157"/>
  <testcase classname="com.juliandomingo.pset6.MinAndMaxWebTestSuiteTest" name="t195" time="0.133"/>
  <testcase classname="com.juliandomingo.pset6.MinAndMaxWebTestSuiteTest" name="t196" time="0.171"/>
  <testcase classname="com.juliandomingo.pset6.MinAndMaxWebTestSuiteTest" name="t197" time="0.183"/>
  <testcase classname="com.juliandomingo.pset6.MinAndMaxWebTestSuiteTest" name="t198" time="0.231"/>
  <testcase classname="com.juliandomingo.pset6.MinAndMaxWebTestSuiteTest" name="t199" time="0.193"/>
  <testcase classname="com.juliandomingo.pset6.MinAndMaxWebTestSuiteTest" name="t200" time="0.216"/>
  <testcase classname="com.juliandomingo.pset6.MinAndMaxWebTestSuiteTest" name="t201" time="0.186"/>
  <testcase classname="com.juliandomingo.pset6.MinAndMaxWebTestSuiteTest" name="t202" time="0.214"/>
  <testcase classname="com.juliandomingo.pset6.MinAndMaxWebTestSuiteTest" name="t203" time="0.18"/>
  <testcase classname="com.juliandomingo.pset6.MinAndMaxWebTestSuiteTest" name="t204" time="0.123"/>
  <testcase classname="com.juliandomingo.pset6.MinAndMaxWebTestSuiteTest" name="t205" time="0.121"/>
  <testcase classname="com.juliandomingo.pset6.MinAndMaxWebTestSuiteTest" name="t206" time="0.173"/>
  <testcase classname="com.juliandomingo.pset6.MinAndMaxWebTestSuiteTest" name="t207" time="0.145"/>
  <testcase classname="com.juliandomingo.pset6.MinAndMaxWebTestSuiteTest" name="t208" time="0.126"/>
  <testcase classname="com.juliandomingo.pset6.MinAndMaxWebTestSuiteTest" name="t209" time="0.136"/>
  <testcase classname="com.juliandomingo.pset6.MinAndMaxWebTestSuiteTest" name="t210" time="0.164"/>
  <testcase classname="com.juliandomingo.pset6.MinAndMaxWebTestSuiteTest" name="t211" time="0.183"/>
  <testcase classname="com.juliandomingo.pset6.MinAndMaxWebTestSuiteTest" name="t212" time="0.19"/>
  <testcase classname="com.juliandomingo.pset6.MinAndMaxWebTestSuiteTest" name="t213" time="0.144"/>
  <testcase classname="com.juliandomingo.pset6.MinAndMaxWebTestSuiteTest" name="t214" time="0.184"/>
  <testcase classname="com.juliandomingo.pset6.MinAndMaxWebTestSuiteTest" name="t215" time="0.145"/>
  <testcase classname="com.juliandomingo.pset6.MinAndMaxWebTestSuiteTest" name="t216" time="0.136"/>
  <testcase classname="com.juliandomingo.pset6.MinAndMaxWebTestSuiteTest" name="t217" time="0.144"/>
  <testcase classname="com.juliandomingo.pset6.MinAndMaxWebTestSuiteTest" name="t218" time="0.18"/>
  <testcase classname="com.juliandomingo.pset6.MinAndMaxWebTestSuiteTest" name="t219" time="0.154"/>
  <testcase classname="com.juliandomingo.pset6.MinAndMaxWebTestSuiteTest" name="t220" time="0.131"/>
  <testcase classname="com.juliandomingo.pset6.MinAndMaxWebTestSuiteTest" name="t221" time="0.135"/>
  <testcase classname="com.juliandomingo.pset6.MinAndMaxWebTestSuiteTest" name="t222" time="0.174"/>
  <testcase classname="com.juliandomingo.pset6.MinAndMaxWebTestSuiteTest" name="t223" time="0.155"/>
  <testcase classname="com.juliandomingo.pset6.MinAndMaxWebTestSuiteTest" name="t224" time="0.128"/>
  <testcase classname="com.juliandomingo.pset6.MinAndMaxWebTestSuiteTest" name="t225" time="0.131"/>
  <testcase classname="com.juliandomingo.pset6.MinAndMaxWebTestSuiteTest" name="t226" time="0.163"/>
  <testcase classname="com.juliandomingo.pset6.MinAndMaxWebTestSuiteTest" name="t227" time="0.154"/>
  <testcase classname="com.juliandomingo.pset6.MinAndMaxWebTestSuiteTest" name="t228" time="0.129"/>
  <testcase classname="com.juliandomingo.pset6.MinAndMaxWebTestSuiteTest" name="t229" time="0.139"/>
  <testcase classname="com.juliandomingo.pset6.MinAndMaxWebTestSuiteTest" name="t230" time="0.178"/>
  <testcase classname="com.juliandomingo.pset6.MinAndMaxWebTestSuiteTest" name="t231" time="0.152"/>
  <testcase classname="com.juliandomingo.pset6.MinAndMaxWebTestSuiteTest" name="t232" time="0.13"/>
  <testcase classname="com.juliandomingo.pset6.MinAndMaxWebTestSuiteTest" name="t233" time="0.13"/>
  <testcase classname="com.juliandomingo.pset6.MinAndMaxWebTestSuiteTest" name="t234" time="0.164"/>
  <testcase classname="com.juliandomingo.pset6.MinAndMaxWebTestSuiteTest" name="t235" time="0.156"/>
  <testcase classname="com.juliandomingo.pset6.MinAndMaxWebTestSuiteTest" name="t236" time="0.126"/>
  <testcase classname="com.juliandomingo.pset6.MinAndMaxWebTestSuiteTest" name="t237" time="0.129"/>
  <testcase classname="com.juliandomingo.pset6.MinAndMaxWebTestSuiteTest" name="t238" time="0.163"/>
  <testcase classname="com.juliandomingo.pset6.MinAndMaxWebTestSuiteTest" name="t239" time="0.187"/>
  <testcase classname="com.juliandomingo.pset6.MinAndMaxWebTestSuiteTest" name="t240" time="0.194"/>
  <testcase classname="com.juliandomingo.pset6.MinAndMaxWebTestSuiteTest" name="t241" time="0.185"/>
  <testcase classname="com.juliandomingo.pset6.MinAndMaxWebTestSuiteTest" name="t242" time="0.25"/>
  <testcase classname="com.juliandomingo.pset6.MinAndMaxWebTestSuiteTest" name="t243" time="0.217"/>
  <testcase classname="com.juliandomingo.pset6.MinAndMaxWebTestSuiteTest" name="t244" time="0.209"/>
  <testcase classname="com.juliandomingo.pset6.MinAndMaxWebTestSuiteTest" name="t245" time="0.209"/>
  <testcase classname="com.juliandomingo.pset6.MinAndMaxWebTestSuiteTest" name="t246" time="0.201"/>
  <testcase classname="com.juliandomingo.pset6.MinAndMaxWebTestSuiteTest" name="t247" time="0.153"/>
  <testcase classname="com.juliandomingo.pset6.MinAndMaxWebTestSuiteTest" name="t248" time="0.139"/>
  <testcase classname="com.juliandomingo.pset6.MinAndMaxWebTestSuiteTest" name="t249" time="0.154"/>
  <testcase classname="com.juliandomingo.pset6.MinAndMaxWebTestSuiteTest" name="t250" time="0.232"/>
  <testcase classname="com.juliandomingo.pset6.MinAndMaxWebTestSuiteTest" name="t251" time="0.166"/>
  <testcase classname="com.juliandomingo.pset6.MinAndMaxWebTestSuiteTest" name="t252" time="0.142"/>
  <testcase classname="com.juliandomingo.pset6.MinAndMaxWebTestSuiteTest" name="t253" time="0.136"/>
  <testcase classname="com.juliandomingo.pset6.MinAndMaxWebTestSuiteTest" name="t254" time="0.186"/>
  <testcase classname="com.juliandomingo.pset6.MinAndMaxWebTestSuiteTest" name="t255" time="0.185"/>
</testsuite>