<?xml version="1.0" encoding="UTF-8" ?>
<testsuite tests="128" failures="0" name="com.juliandomingo.pset6.MinWebTestSuiteTest" time="17.631" errors="0" skipped="0">
  <properties>
[...]
</properties>
  <testcase classname="com.juliandomingo.pset6.MinWebTestSuiteTest" name="t0" time="0.213"/>
  <testcase classname="com.juliandomingo.pset6.MinWebTestSuiteTest" name="t1" time="0.17"/>
  <testcase classname="com.juliandomingo.pset6.MinWebTestSuiteTest" name="t2" time="0.115"/>
  <testcase classname="com.juliandomingo.pset6.MinWebTestSuiteTest" name="t3" time="0.136"/>
  <testcase classname="com.juliandomingo.pset6.MinWebTestSuiteTest" name="t4" time="0.115"/>
  <testcase classname="com.juliandomingo.pset6.MinWebTestSuiteTest" name="t5" time="0.137"/>
  <testcase classname="com.juliandomingo.pset6.MinWebTestSuiteTest" name="t6" time="0.121"/>
  <testcase classname="com.juliandomingo.pset6.MinWebTestSuiteTest" name="t7" time="0.123"/>
  <testcase classname="com.juliandomingo.pset6.MinWebTestSuiteTest" name="t8" time="0.111"/>
  <testcase classname="com.juliandomingo.pset6.MinWebTestSuiteTest" name="t9" time="0.135"/>
  <testcase classname="com.juliandomingo.pset6.MinWebTestSuiteTest" name="t10" time="0.115"/>
  <testcase classname="com.juliandomingo.pset6.MinWebTestSuiteTest" name="t11" time="0.147"/>
  <testcase classname="com.juliandomingo.pset6.MinWebTestSuiteTest" name="t12" time="0.116"/>
  <testcase classname="com.juliandomingo.pset6.MinWebTestSuiteTest" name="t13" time="0.135"/>
  <testcase classname="com.juliandomingo.pset6.MinWebTestSuiteTest" name="t14" time="0.116"/>
  <testcase classname="com.juliandomingo.pset6.MinWebTestSuiteTest" name="t15" time="0.124"/>
  <testcase classname="com.juliandomingo.pset6.MinWebTestSuiteTest" name="t16" time="0.112"/>
  <testcase classname="com.juliandomingo.pset6.MinWebTestSuiteTest" name="t17" time="0.121"/>
  <testcase classname="com.juliandomingo.pset6.MinWebTestSuiteTest" name="t18" time="0.111"/>
  <testcase classname="com.juliandomingo.pset6.MinWebTestSuiteTest" name="t19" time="0.137"/>
  <testcase classname="com.juliandomingo.pset6.MinWebTestSuiteTest" name="t20" time="0.114"/>
  <testcase classname="com.juliandomingo.pset6.MinWebTestSuiteTest" name="t21" time="0.136"/>
  <testcase classname="com.juliandomingo.pset6.MinWebTestSuiteTest" name="t22" time="0.127"/>
  <testcase classname="com.juliandomingo.pset6.MinWebTestSuiteTest" name="t23" time="0.136"/>
  <testcase classname="com.juliandomingo.pset6.MinWebTestSuiteTest" name="t24" time="0.104"/>
  <testcase classname="com.juliandomingo.pset6.MinWebTestSuiteTest" name="t25" time="0.119"/>
  <testcase classname="com.juliandomingo.pset6.MinWebTestSuiteTest" name="t26" time="0.111"/>
  <testcase classname="com.juliandomingo.pset6.MinWebTestSuiteTest" name="t27" time="0.126"/>
  <testcase classname="com.juliandomingo.pset6.MinWebTestSuiteTest" name="t28" time="0.108"/>
  <testcase classname="com.juliandomingo.pset6.MinWebTestSuiteTest" name="t29" time="0.127"/>
  <testcase classname="com.juliandomingo.pset6.MinWebTestSuiteTest" name="t30" time="0.105"/>
  <testcase classname="com.juliandomingo.pset6.MinWebTestSuiteTest" name="t31" time="0.12"/>
  <testcase classname="com.juliandomingo.pset6.MinWebTestSuiteTest" name="t32" time="0.101"/>
  <testcase classname="com.juliandomingo.pset6.MinWebTestSuiteTest" name="t33" time="0.168"/>
  <testcase classname="com.juliandomingo.pset6.MinWebTestSuiteTest" name="t34" time="0.142"/>
  <testcase classname="com.juliandomingo.pset6.MinWebTestSuiteTest" name="t35" time="0.134"/>
  <testcase classname="com.juliandomingo.pset6.MinWebTestSuiteTest" name="t36" time="0.119"/>
  <testcase classname="com.juliandomingo.pset6.MinWebTestSuiteTest" name="t37" time="0.142"/>
  <testcase classname="com.juliandomingo.pset6.MinWebTestSuiteTest" name="t38" time="0.114"/>
  <testcase classname="com.juliandomingo.pset6.MinWebTestSuiteTest" name="t39" time="0.133"/>
  <testcase classname="com.juliandomingo.pset6.MinWebTestSuiteTest" name="t40" time="0.113"/>
  <testcase classname="com.juliandomingo.pset6.MinWebTestSuiteTest" name="t41" time="0.132"/>
  <testcase classname="com.juliandomingo.pset6.MinWebTestSuiteTest" name="t42" time="0.119"/>
  <testcase classname="com.juliandomingo.pset6.MinWebTestSuiteTest" name="t43" time="0.142"/>
  <testcase classname="com.juliandomingo.pset6.MinWebTestSuiteTest" name="t44" time="0.122"/>
  <testcase classname="com.juliandomingo.pset6.MinWebTestSuiteTest" name="t45" time="0.141"/>
  <testcase classname="com.juliandomingo.pset6.MinWebTestSuiteTest" name="t46" time="0.121"/>
  <testcase classname="com.juliandomingo.pset6.MinWebTestSuiteTest" name="t47" time="0.137"/>
  <testcase classname="com.juliandomingo.pset6.MinWebTestSuiteTest" name="t48" time="0.122"/>
  <testcase classname="com.juliandomingo.pset6.MinWebTestSuiteTest" name="t49" time="0.146"/>
  <testcase classname="com.juliandomingo.pset6.MinWebTestSuiteTest" name="t50" time="0.175"/>
  <testcase classname="com.juliandomingo.pset6.MinWebTestSuiteTest" name="t51" time="0.159"/>
  <testcase classname="com.juliandomingo.pset6.MinWebTestSuiteTest" name="t52" time="0.117"/>
  <testcase classname="com.juliandomingo.pset6.MinWebTestSuiteTest" name="t53" time="0.149"/>
  <testcase classname="com.juliandomingo.pset6.MinWebTestSuiteTest" name="t54" time="0.125"/>
  <testcase classname="com.juliandomingo.pset6.MinWebTestSuiteTest" name="t55" time="0.133"/>
  <testcase classname="com.juliandomingo.pset6.MinWebTestSuiteTest" name="t56" time="0.115"/>
  <testcase classname="com.juliandomingo.pset6.MinWebTestSuiteTest" name="t57" time="0.13"/>
  <testcase classname="com.juliandomingo.pset6.MinWebTestSuiteTest" name="t58" time="0.131"/>
  <testcase classname="com.juliandomingo.pset6.MinWebTestSuiteTest" name="t59" time="0.143"/>
  <testcase classname="com.juliandomingo.pset6.MinWebTestSuiteTest" name="t60" time="0.134"/>
  <testcase classname="com.juliandomingo.pset6.MinWebTestSuiteTest" name="t61" time="0.141"/>
  <testcase classname="com.juliandomingo.pset6.MinWebTestSuiteTest" name="t62" time="0.113"/>
  <testcase classname="com.juliandomingo.pset6.MinWebTestSuiteTest" name="t63" time="0.421"/>
  <testcase classname="com.juliandomingo.pset6.MinWebTestSuiteTest" name="t64" time="0.118"/>
  <testcase classname="com.juliandomingo.pset6.MinWebTestSuiteTest" name="t65" time="0.128"/>
  <testcase classname="com.juliandomingo.pset6.MinWebTestSuiteTest" name="t66" time="0.137"/>
  <testcase classname="com.juliandomingo.pset6.MinWebTestSuiteTest" name="t67" time="0.235"/>
  <testcase classname="com.juliandomingo.pset6.MinWebTestSuiteTest" name="t68" time="0.15"/>
  <testcase classname="com.juliandomingo.pset6.MinWebTestSuiteTest" name="t69" time="0.149"/>
  <testcase classname="com.juliandomingo.pset6.MinWebTestSuiteTest" name="t70" time="0.119"/>
  <testcase classname="com.juliandomingo.pset6.MinWebTestSuiteTest" name="t71" time="0.142"/>
  <testcase classname="com.juliandomingo.pset6.MinWebTestSuiteTest" name="t72" time="0.151"/>
  <testcase classname="com.juliandomingo.pset6.MinWebTestSuiteTest" name="t73" time="0.199"/>
  <testcase classname="com.juliandomingo.pset6.MinWebTestSuiteTest" name="t74" time="0.165"/>
  <testcase classname="com.juliandomingo.pset6.MinWebTestSuiteTest" name="t75" time="0.188"/>
  <testcase classname="com.juliandomingo.pset6.MinWebTestSuiteTest" name="t76" time="0.129"/>
  <testcase classname="com.juliandomingo.pset6.MinWebTestSuiteTest" name="t77" time="0.157"/>
  <testcase classname="com.juliandomingo.pset6.MinWebTestSuiteTest" name="t78" time="0.131"/>
  <testcase classname="com.juliandomingo.pset6.MinWebTestSuiteTest" name="t79" time="0.139"/>
  <testcase classname="com.juliandomingo.pset6.MinWebTestSuiteTest" name="t80" time="0.109"/>
  <testcase classname="com.juliandomingo.pset6.MinWebTestSuiteTest" name="t81" time="0.134"/>
  <testcase classname="com.juliandomingo.pset6.MinWebTestSuiteTest" name="t82" time="0.128"/>
  <testcase classname="com.juliandomingo.pset6.MinWebTestSuiteTest" name="t83" time="0.144"/>
  <testcase classname="com.juliandomingo.pset6.MinWebTestSuiteTest" name="t84" time="0.131"/>
  <testcase classname="com.juliandomingo.pset6.MinWebTestSuiteTest" name="t85" time="0.157"/>
  <testcase classname="com.juliandomingo.pset6.MinWebTestSuiteTest" name="t86" time="0.13"/>
  <testcase classname="com.juliandomingo.pset6.MinWebTestSuiteTest" name="t87" time="0.142"/>
  <testcase classname="com.juliandomingo.pset6.MinWebTestSuiteTest" name="t88" time="0.108"/>
  <testcase classname="com.juliandomingo.pset6.MinWebTestSuiteTest" name="t89" time="0.125"/>
  <testcase classname="com.juliandomingo.pset6.MinWebTestSuiteTest" name="t90" time="0.119"/>
  <testcase classname="com.juliandomingo.pset6.MinWebTestSuiteTest" name="t91" time="0.137"/>
  <testcase classname="com.juliandomingo.pset6.MinWebTestSuiteTest" name="t92" time="0.116"/>
  <testcase classname="com.juliandomingo.pset6.MinWebTestSuiteTest" name="t93" time="0.142"/>
  <testcase classname="com.juliandomingo.pset6.MinWebTestSuiteTest" name="t94" time="0.114"/>
  <testcase classname="com.juliandomingo.pset6.MinWebTestSuiteTest" name="t95" time="0.14"/>
  <testcase classname="com.juliandomingo.pset6.MinWebTestSuiteTest" name="t96" time="0.112"/>
  <testcase classname="com.juliandomingo.pset6.MinWebTestSuiteTest" name="t97" time="0.122"/>
  <testcase classname="com.juliandomingo.pset6.MinWebTestSuiteTest" name="t98" time="0.113"/>
  <testcase classname="com.juliandomingo.pset6.MinWebTestSuiteTest" name="t99" time="0.137"/>
  <testcase classname="com.juliandomingo.pset6.MinWebTestSuiteTest" name="t100" time="0.113"/>
  <testcase classname="com.juliandomingo.pset6.MinWebTestSuiteTest" name="t101" time="0.14"/>
  <testcase classname="com.juliandomingo.pset6.MinWebTestSuiteTest" name="t102" time="0.161"/>
  <testcase classname="com.juliandomingo.pset6.MinWebTestSuiteTest" name="t103" time="0.167"/>
  <testcase classname="com.juliandomingo.pset6.MinWebTestSuiteTest" name="t104" time="0.162"/>
  <testcase classname="com.juliandomingo.pset6.MinWebTestSuiteTest" name="t105" time="0.125"/>
  <testcase classname="com.juliandomingo.pset6.MinWebTestSuiteTest" name="t106" time="0.116"/>
  <testcase classname="com.juliandomingo.pset6.MinWebTestSuiteTest" name="t107" time="0.15"/>
  <testcase classname="com.juliandomingo.pset6.MinWebTestSuiteTest" name="t108" time="0.135"/>
  <testcase classname="com.juliandomingo.pset6.MinWebTestSuiteTest" name="t109" time="0.149"/>
  <testcase classname="com.juliandomingo.pset6.MinWebTestSuiteTest" name="t110" time="0.119"/>
  <testcase classname="com.juliandomingo.pset6.MinWebTestSuiteTest" name="t111" time="0.142"/>
  <testcase classname="com.juliandomingo.pset6.MinWebTestSuiteTest" name="t112" time="0.113"/>
  <testcase classname="com.juliandomingo.pset6.MinWebTestSuiteTest" name="t113" time="0.132"/>
  <testcase classname="com.juliandomingo.pset6.MinWebTestSuiteTest" name="t114" time="0.134"/>
  <testcase classname="com.juliandomingo.pset6.MinWebTestSuiteTest" name="t115" time="0.152"/>
  <testcase classname="com.juliandomingo.pset6.MinWebTestSuiteTest" name="t116" time="0.13"/>
  <testcase classname="com.juliandomingo.pset6.MinWebTestSuiteTest" name="t117" time="0.204"/>
  <testcase classname="com.juliandomingo.pset6.MinWebTestSuiteTest" name="t118" time="0.172"/>
  <testcase classname="com.juliandomingo.pset6.MinWebTestSuiteTest" name="t119" time="0.196"/>
  <testcase classname="com.juliandomingo.pset6.MinWebTestSuiteTest" name="t120" time="0.197"/>
  <testcase classname="com.juliandomingo.pset6.MinWebTestSuiteTest" name="t121" time="0.159"/>
  <testcase classname="com.juliandomingo.pset6.MinWebTestSuiteTest" name="t122" time="0.129"/>
  <testcase classname="com.juliandomingo.pset6.MinWebTestSuiteTest" name="t123" time="0.139"/>
  <testcase classname="com.juliandomingo.pset6.MinWebTestSuiteTest" name="t124" time="0.125"/>
  <testcase classname="com.juliandomingo.pset6.MinWebTestSuiteTest" name="t125" time="0.145"/>
  <testcase classname="com.juliandomingo.pset6.MinWebTestSuiteTest" name="t126" time="0.118"/>
  <testcase classname="com.juliandomingo.pset6.MinWebTestSuiteTest" name="t127" time="0.133"/>
</testsuite>